<?xml version="1.0" encoding="UTF-8"?>
<testng-results skipped="0" failed="0" total="1" passed="1">
  <reporter-output>
  </reporter-output>
  <suite name="Default suite" duration-ms="543" started-at="2016-11-05T18:05:45Z" finished-at="2016-11-05T18:05:46Z">
    <groups>
    </groups>
    <test name="Default test" duration-ms="543" started-at="2016-11-05T18:05:45Z" finished-at="2016-11-05T18:05:46Z">
      <class name="opentaps.lead.NewExcel">
        <test-method status="PASS" signature="beforeSuite()[pri:0, instance:opentaps.lead.NewExcel@ce8af7]" name="beforeSuite" is-config="true" duration-ms="8" started-at="2016-11-05T23:35:45Z" finished-at="2016-11-05T23:35:45Z">
          <reporter-output>
          </reporter-output>
        </test-method> <!-- beforeSuite -->
        <test-method status="PASS" signature="beforeTest()[pri:0, instance:opentaps.lead.NewExcel@ce8af7]" name="beforeTest" is-config="true" duration-ms="0" started-at="2016-11-05T23:35:45Z" finished-at="2016-11-05T23:35:45Z">
          <reporter-output>
          </reporter-output>
        </test-method> <!-- beforeTest -->
        <test-method status="PASS" signature="beforeClass()[pri:0, instance:opentaps.lead.NewExcel@ce8af7]" name="beforeClass" is-config="true" duration-ms="0" started-at="2016-11-05T23:35:45Z" finished-at="2016-11-05T23:35:45Z">
          <reporter-output>
          </reporter-output>
        </test-method> <!-- beforeClass -->
        <test-method status="PASS" signature="excel()[pri:0, instance:opentaps.lead.NewExcel@ce8af7]" name="excel" duration-ms="530" started-at="2016-11-05T23:35:45Z" finished-at="2016-11-05T23:35:46Z">
          <reporter-output>
          </reporter-output>
        </test-method> <!-- excel -->
        <test-method status="PASS" signature="beforeMethod()[pri:0, instance:opentaps.lead.NewExcel@ce8af7]" name="beforeMethod" is-config="true" duration-ms="0" started-at="2016-11-05T23:35:45Z" finished-at="2016-11-05T23:35:45Z">
          <reporter-output>
          </reporter-output>
        </test-method> <!-- beforeMethod -->
        <test-method status="PASS" signature="afterMethod()[pri:0, instance:opentaps.lead.NewExcel@ce8af7]" name="afterMethod" is-config="true" duration-ms="0" started-at="2016-11-05T23:35:46Z" finished-at="2016-11-05T23:35:46Z">
          <reporter-output>
          </reporter-output>
        </test-method> <!-- afterMethod -->
        <test-method status="PASS" signature="afterClass()[pri:0, instance:opentaps.lead.NewExcel@ce8af7]" name="afterClass" is-config="true" duration-ms="0" started-at="2016-11-05T23:35:46Z" finished-at="2016-11-05T23:35:46Z">
          <reporter-output>
          </reporter-output>
        </test-method> <!-- afterClass -->
        <test-method status="PASS" signature="afterTest()[pri:0, instance:opentaps.lead.NewExcel@ce8af7]" name="afterTest" is-config="true" duration-ms="0" started-at="2016-11-05T23:35:46Z" finished-at="2016-11-05T23:35:46Z">
          <reporter-output>
          </reporter-output>
        </test-method> <!-- afterTest -->
        <test-method status="PASS" signature="afterSuite()[pri:0, instance:opentaps.lead.NewExcel@ce8af7]" name="afterSuite" is-config="true" duration-ms="0" started-at="2016-11-05T23:35:46Z" finished-at="2016-11-05T23:35:46Z">
          <reporter-output>
          </reporter-output>
        </test-method> <!-- afterSuite -->
      </class> <!-- opentaps.lead.NewExcel -->
    </test> <!-- Default test -->
  </suite> <!-- Default suite -->
</testng-results>
